0 info it worked if it ends with ok
1 verbose cli [ '/usr/bin/nodejs', '/usr/bin/npm', 'run', 'start' ]
2 info using npm@3.10.10
3 info using node@v6.10.2
4 verbose run-script [ 'prestart', 'start', 'poststart' ]
5 info lifecycle text-editor@1.0.0~prestart: text-editor@1.0.0
6 silly lifecycle text-editor@1.0.0~prestart: no script for prestart, continuing
7 info lifecycle text-editor@1.0.0~start: text-editor@1.0.0
8 verbose lifecycle text-editor@1.0.0~start: unsafe-perm in lifecycle true
9 verbose lifecycle text-editor@1.0.0~start: PATH: /usr/lib/node_modules/npm/bin/node-gyp-bin:/mnt/d/GithubRepos/React/Text-Editor/node_modules/.bin:/usr/local/sbin:/usr/local/bin:/usr/sbin:/usr/bin:/sbin:/bin:/usr/games:/usr/local/games:/mnt/c/ProgramData/Oracle/Java/javapath:/mnt/c/Windows/System32:/mnt/c/Windows:/mnt/c/Windows/System32/wbem:/mnt/c/Windows/System32/WindowsPowerShell/v1.0:/mnt/c/Program Files (x86)/NVIDIA Corporation/PhysX/Common:/mnt/c/Windows/System32:/mnt/c/Windows:/mnt/c/Windows/System32/wbem:/mnt/c/Windows/System32/WindowsPowerShell/v1.0:/mnt/c/Program Files/Microsoft SQL Server/130/Tools/Binn:/mnt/c/Program Files (x86)/Windows Kits/10/Windows Performance Toolkit:/mnt/c/Program Files (x86)/GtkSharp/2.12/bin:/mnt/c/Program Files/nodejs:/mnt/d/Git/cmd:/mnt/c/Users/anura/AppData/Local/Programs/Python/Python35-32/Scripts:/mnt/c/Users/anura/AppData/Local/Programs/Python/Python35-32:/mnt/c/Program Files (x86)/Microsoft VS Code/bin:/mnt/c/Users/anura/AppData/Local/Microsoft/WindowsApps:/mnt/c/Users/anura/AppData/Roaming/npm:/mnt/c/Program Files/Docker Toolbox
10 verbose lifecycle text-editor@1.0.0~start: CWD: /mnt/d/GithubRepos/React/Text-Editor
11 silly lifecycle text-editor@1.0.0~start: Args: [ '-c', 'webpack -d' ]
12 silly lifecycle text-editor@1.0.0~start: Returned: code: 2  signal: null
13 info lifecycle text-editor@1.0.0~start: Failed to exec start script
14 verbose stack Error: text-editor@1.0.0 start: `webpack -d`
14 verbose stack Exit status 2
14 verbose stack     at EventEmitter.<anonymous> (/usr/lib/node_modules/npm/lib/utils/lifecycle.js:255:16)
14 verbose stack     at emitTwo (events.js:106:13)
14 verbose stack     at EventEmitter.emit (events.js:191:7)
14 verbose stack     at ChildProcess.<anonymous> (/usr/lib/node_modules/npm/lib/utils/spawn.js:40:14)
14 verbose stack     at emitTwo (events.js:106:13)
14 verbose stack     at ChildProcess.emit (events.js:191:7)
14 verbose stack     at maybeClose (internal/child_process.js:886:16)
14 verbose stack     at Process.ChildProcess._handle.onexit (internal/child_process.js:226:5)
15 verbose pkgid text-editor@1.0.0
16 verbose cwd /mnt/d/GithubRepos/React/Text-Editor
17 error Linux 4.4.0-43-Microsoft
18 error argv "/usr/bin/nodejs" "/usr/bin/npm" "run" "start"
19 error node v6.10.2
20 error npm  v3.10.10
21 error code ELIFECYCLE
22 error text-editor@1.0.0 start: `webpack -d`
22 error Exit status 2
23 error Failed at the text-editor@1.0.0 start script 'webpack -d'.
23 error Make sure you have the latest version of node.js and npm installed.
23 error If you do, this is most likely a problem with the text-editor package,
23 error not with npm itself.
23 error Tell the author that this fails on your system:
23 error     webpack -d
23 error You can get information on how to open an issue for this project with:
23 error     npm bugs text-editor
23 error Or if that isn't available, you can get their info via:
23 error     npm owner ls text-editor
23 error There is likely additional logging output above.
24 verbose exit [ 1, true ]
